<?xml version="1.0" encoding="UTF-8"?>
<!-- Generated by org.testng.reporters.JUnitXMLReporter -->
<testsuite ignored="0" hostname="JKTNOLAP622" failures="0" tests="3" name="Default test" time="38.27" errors="0" timestamp="2024-12-23T12:53:00 IST">
  <testcase classname="com.selenium.testngpractice.Parameters" name="parametersExample" time="35.948"/>
  <testcase classname="com.selenium.testngpractice.Parameters" name="parametersExample" time="37.666"/>
  <testcase classname="com.selenium.testngpractice.Parameters" name="parametersExample" time="38.082"/>
</testsuite> <!-- Default test -->
