<?xml version="1.0" encoding="UTF-8"?>
<testng-results total="1" passed="1" failed="0" skipped="0">
  <reporter-output>
  </reporter-output>
  <suite started-at="2022-07-07T04:50:42Z" name="Default suite" finished-at="2022-07-07T04:51:00Z" duration-ms="18315">
    <groups>
    </groups>
    <test started-at="2022-07-07T04:50:42Z" name="Default test" finished-at="2022-07-07T04:51:00Z" duration-ms="18315">
      <class name="com.jktech.POMExample.HomePageTest">
        <test-method is-config="true" signature="base()[pri:0, instance:com.jktech.POMExample.HomePageTest@45a37759]" started-at="2022-07-07T10:20:42Z" name="base" finished-at="2022-07-07T10:20:53Z" duration-ms="11729" status="PASS">
          <reporter-output>
          </reporter-output>
        </test-method> <!-- base -->
        <test-method signature="clickAddCartFromHomePage()[pri:0, instance:com.jktech.POMExample.HomePageTest@45a37759]" started-at="2022-07-07T10:20:53Z" name="clickAddCartFromHomePage" finished-at="2022-07-07T10:20:58Z" duration-ms="4668" status="PASS">
          <reporter-output>
          </reporter-output>
        </test-method> <!-- clickAddCartFromHomePage -->
        <test-method is-config="true" signature="quit()[pri:0, instance:com.jktech.POMExample.HomePageTest@45a37759]" started-at="2022-07-07T10:20:58Z" name="quit" finished-at="2022-07-07T10:21:00Z" duration-ms="1887" status="PASS">
          <reporter-output>
          </reporter-output>
        </test-method> <!-- quit -->
      </class> <!-- com.jktech.POMExample.HomePageTest -->
    </test> <!-- Default test -->
  </suite> <!-- Default suite -->
</testng-results>
