<?xml version="1.0" encoding="UTF-8"?>
<testsuite xmlns:xsi="http://www.w3.org/2001/XMLSchema-instance" xsi:noNamespaceSchemaLocation="https://maven.apache.org/surefire/maven-surefire-plugin/xsd/surefire-test-report.xsd" name="TestSuite" time="40.971" tests="3" errors="0" skipped="0" failures="0">
  <properties>
[...]
</properties>
  <testcase name="parametersExample" classname="com.selenium.testngpractice.CrossBrowser" time="10.029"/>
  <testcase name="parametersExample" classname="com.selenium.testngpractice.CrossBrowser" time="18.26"/>
  <testcase name="parametersExample" classname="com.selenium.testngpractice.CrossBrowser" time="11.433"/>
</testsuite>