<?xml version="1.0" encoding="UTF-8"?>
<testng-results ignored="0" total="1" passed="1" failed="0" skipped="0">
  <reporter-output>
  </reporter-output>
  <suite started-at="2022-07-11T10:07:09 IST" name="Default suite" finished-at="2022-07-11T10:07:19 IST" duration-ms="9383">
    <groups>
    </groups>
    <test started-at="2022-07-11T10:07:09 IST" name="Default test" finished-at="2022-07-11T10:07:19 IST" duration-ms="9383">
      <class name="com.jktech.jenkins.OpenABrowser">
        <test-method signature="openABrowser()[pri:0, instance:com.jktech.jenkins.OpenABrowser@21baa903]" started-at="2022-07-11T10:07:09 IST" name="openABrowser" finished-at="2022-07-11T10:07:19 IST" duration-ms="9307" status="PASS">
          <reporter-output>
          </reporter-output>
        </test-method> <!-- openABrowser -->
      </class> <!-- com.jktech.jenkins.OpenABrowser -->
    </test> <!-- Default test -->
  </suite> <!-- Default suite -->
</testng-results>
