<?xml version="1.0" encoding="UTF-8"?>
<testng-results ignored="0" total="1" passed="1" failed="0" skipped="0">
  <reporter-output>
  </reporter-output>
  <suite started-at="2022-10-10T04:40:32Z" name="Default suite" finished-at="2022-10-10T04:40:57Z" duration-ms="24925">
    <groups>
    </groups>
    <test started-at="2022-10-10T04:40:32Z" name="Default test" finished-at="2022-10-10T04:40:57Z" duration-ms="24925">
      <class name="com.jktech.jsExecutorExample.InnerTextInBrowser">
        <test-method signature="jsExample()[pri:0, instance:com.jktech.jsExecutorExample.InnerTextInBrowser@5965be2d]" started-at="2022-10-10T04:40:32Z" name="jsExample" finished-at="2022-10-10T04:40:57Z" duration-ms="24762" status="PASS">
          <reporter-output>
          </reporter-output>
        </test-method> <!-- jsExample -->
      </class> <!-- com.jktech.jsExecutorExample.InnerTextInBrowser -->
    </test> <!-- Default test -->
  </suite> <!-- Default suite -->
</testng-results>
