<?xml version="1.0" encoding="UTF-8"?>
<!-- Generated by org.testng.reporters.JUnitXMLReporter -->
<testsuite hostname="JKTNOLAP622" failures="0" tests="3" name="Test" time="21.688" errors="0" timestamp="5 Jul 2022 04:35:50 GMT">
  <testcase classname="com.jktech.POMExample.TestClass" name="validLoginTest" time="1.098"/>
  <testcase classname="com.jktech.POMExample.TestClass2" name="validLoginTest" time="1.029"/>
  <testcase classname="com.jktech.POMExample.TestClass2" name="clickAddCartFromHomePage" time="3.41"/>
</testsuite> <!-- Test -->
