<?xml version="1.0" encoding="UTF-8"?>
<!-- Generated by org.testng.reporters.JUnitXMLReporter -->
<testsuite ignored="0" hostname="JKTNOLAP622" failures="1" tests="3" name="ItestReporter" time="0.131" errors="0" timestamp="2022-10-07T11:03:59 IST">
  <testcase classname="com.jktech.testngListeners.IHookableListenerWithExample" name="t" time="0.019"/>
  <testcase classname="com.jktech.testngListeners.IHookableListenerWithExample" name="t" time="0.002"/>
  <testcase classname="com.jktech.testngListeners.IHookableListenerWithExample" name="t" time="0.004">
    <failure type="org.testng.TestNotInvokedException" message="
com.jktech.testngListeners.IHookableListenerWithExample.t defines a callback via org.testng.IHookable but neither the callback was invoked nor the status was altered to SUCCESS|FAILURE|SKIP|SUCCESS_PERCENTAGE_FAILURE">
      <![CDATA[org.testng.TestNotInvokedException: 
at java.base/java.util.ArrayList.forEach(ArrayList.java:1511)
... Removed 23 stack frames]]>
    </failure>
  </testcase> <!-- t -->
</testsuite> <!-- ItestReporter -->
