<?xml version="1.0" encoding="UTF-8"?>
<testng-results ignored="0" total="2" passed="2" failed="0" skipped="0">
  <reporter-output>
  </reporter-output>
  <suite started-at="2022-07-11T12:41:15 IST" name="Suite" finished-at="2022-07-11T12:41:42 IST" duration-ms="27018">
    <groups>
    </groups>
    <test started-at="2022-07-11T12:41:15 IST" name="Test" finished-at="2022-07-11T12:41:42 IST" duration-ms="27018">
      <class name="com.jktech.jenkins.OpenABrowser">
        <test-method signature="openABrowser()[pri:0, instance:com.jktech.jenkins.OpenABrowser@5c8504fd]" started-at="2022-07-11T12:41:15 IST" name="openABrowser" finished-at="2022-07-11T12:41:33 IST" duration-ms="17608" status="PASS">
          <reporter-output>
          </reporter-output>
        </test-method> <!-- openABrowser -->
      </class> <!-- com.jktech.jenkins.OpenABrowser -->
      <class name="com.jktech.jenkins.validLoginTest">
        <test-method signature="openABrowser()[pri:0, instance:com.jktech.jenkins.validLoginTest@4ba302e0]" started-at="2022-07-11T12:41:33 IST" name="openABrowser" finished-at="2022-07-11T12:41:42 IST" duration-ms="9297" status="PASS">
          <reporter-output>
          </reporter-output>
        </test-method> <!-- openABrowser -->
      </class> <!-- com.jktech.jenkins.validLoginTest -->
    </test> <!-- Test -->
  </suite> <!-- Suite -->
</testng-results>
