<?xml version="1.0" encoding="UTF-8"?>
<!-- Generated by org.testng.reporters.JUnitXMLReporter -->
<testsuite ignored="0" hostname="JKTNOLAP622" failures="0" tests="3" name="Test" time="20.865" errors="0" timestamp="2024-12-11T05:31:53 IST">
  <testcase classname="com.selenium.testngpractice.Parameters" name="parametersExample" time="6.889"/>
  <testcase classname="com.selenium.testngpractice.Parameters" name="parametersExample" time="6.808"/>
  <testcase classname="com.selenium.testngpractice.Parameters" name="parametersExample" time="7.098"/>
</testsuite> <!-- Test -->
