<?xml version="1.0" encoding="UTF-8"?>
<testng-results ignored="0" total="3" passed="3" failed="0" skipped="0">
  <reporter-output>
  </reporter-output>
  <suite started-at="2024-12-23T12:52:22 IST" name="Default suite" finished-at="2024-12-23T12:53:00 IST" duration-ms="38270">
    <groups>
    </groups>
    <test started-at="2024-12-23T12:52:22 IST" name="Default test" finished-at="2024-12-23T12:53:00 IST" duration-ms="38270">
      <class name="com.selenium.testngpractice.Parameters">
        <test-method signature="parametersExample(java.lang.String,java.lang.String)[pri:0, instance:com.selenium.testngpractice.Parameters@15bb5034]" started-at="2024-12-23T12:52:22 IST" name="parametersExample" data-provider="data" finished-at="2024-12-23T12:53:00 IST" duration-ms="38082" status="PASS">
          <params>
            <param index="0">
              <value>
                <![CDATA[problem_user]]>
              </value>
            </param>
            <param index="1">
              <value>
                <![CDATA[secret_sauce]]>
              </value>
            </param>
          </params>
          <reporter-output>
          </reporter-output>
        </test-method> <!-- parametersExample -->
        <test-method signature="parametersExample(java.lang.String,java.lang.String)[pri:0, instance:com.selenium.testngpractice.Parameters@15bb5034]" started-at="2024-12-23T12:52:22 IST" name="parametersExample" data-provider="data" finished-at="2024-12-23T12:52:58 IST" duration-ms="35948" status="PASS">
          <params>
            <param index="0">
              <value>
                <![CDATA[standard_user]]>
              </value>
            </param>
            <param index="1">
              <value>
                <![CDATA[secret_sauce]]>
              </value>
            </param>
          </params>
          <reporter-output>
          </reporter-output>
        </test-method> <!-- parametersExample -->
        <test-method signature="parametersExample(java.lang.String,java.lang.String)[pri:0, instance:com.selenium.testngpractice.Parameters@15bb5034]" started-at="2024-12-23T12:52:22 IST" name="parametersExample" data-provider="data" finished-at="2024-12-23T12:53:00 IST" duration-ms="37666" status="PASS">
          <params>
            <param index="0">
              <value>
                <![CDATA[locked_out_user]]>
              </value>
            </param>
            <param index="1">
              <value>
                <![CDATA[secret_sauce]]>
              </value>
            </param>
          </params>
          <reporter-output>
          </reporter-output>
        </test-method> <!-- parametersExample -->
      </class> <!-- com.selenium.testngpractice.Parameters -->
    </test> <!-- Default test -->
  </suite> <!-- Default suite -->
</testng-results>
